<?xml version="1.0" encoding="UTF-8"?>
<!-- Generated by org.testng.reporters.JUnitXMLReporter -->
<testsuite ignored="0" hostname="LAPTOP-ASMRE49M" failures="0" tests="4" name="automation practice demo" time="25.366" errors="0" timestamp="2021-02-01T22:32:24 EET">
  <testcase classname="com.academy.test.AutomationPracticeTest" name="testMove" time="6.581"/>
  <testcase classname="com.academy.test.AutomationPracticeTest" name="testUntitledTestCase" time="5.091"/>
  <testcase classname="com.academy.test.AutomationPracticeTest" name="testUntitledTestCase" time="4.136"/>
  <testcase classname="com.academy.test.AutomationPracticeTest" name="testWomenCategory" time="4.047"/>
</testsuite> <!-- automation practice demo -->
