<?xml version="1.0" encoding="UTF-8"?>
<!-- Generated by org.testng.reporters.JUnitXMLReporter -->
<testsuite ignored="0" hostname="LAPTOP-ASMRE49M" failures="0" tests="6" name="automation practice demo" time="57.378" errors="0" timestamp="2021-02-02T20:15:59 EET">
  <testcase classname="com.academy.test.AutomationPracticeTest" name="testMove" time="7.668"/>
  <testcase classname="com.academy.test.AutomationPracticeTest" name="testUntitledTestCase" time="8.238"/>
  <testcase classname="com.academy.test.AutomationPracticeTest" name="testUntitledTestCase" time="8.902"/>
  <testcase classname="com.academy.test.AutomationPracticeTest" name="testWomenCategory" time="5.943"/>
  <testcase classname="com.academy.test.LoginTest" name="testFeature1" time="9.377"/>
  <testcase classname="com.academy.test.LoginTest" name="testFeature1" time="5.542"/>
</testsuite> <!-- automation practice demo -->
