<?xml version="1.0" encoding="UTF-8"?>
<testng-results ignored="0" total="4" passed="4" failed="0" skipped="0">
  <reporter-output>
  </reporter-output>
  <suite started-at="2021-02-01T22:31:58 EET" name="default-suite" finished-at="2021-02-01T22:32:24 EET" duration-ms="25366">
    <groups>
    </groups>
    <test started-at="2021-02-01T22:31:58 EET" name="automation practice demo" finished-at="2021-02-01T22:32:24 EET" duration-ms="25366">
      <class name="com.academy.test.AutomationPracticeTest">
        <test-method is-config="true" signature="setUp(java.lang.String)[pri:0, instance:com.academy.test.AutomationPracticeTest@18ce0030]" started-at="2021-02-01T22:31:58 EET" name="setUp" finished-at="2021-02-01T22:32:03 EET" duration-ms="4719" status="PASS">
          <params>
            <param index="0">
              <value>
                <![CDATA[firefox]]>
              </value>
            </param>
          </params>
          <reporter-output>
          </reporter-output>
        </test-method> <!-- setUp -->
        <test-method signature="testMove()[pri:0, instance:com.academy.test.AutomationPracticeTest@18ce0030]" started-at="2021-02-01T22:32:03 EET" name="testMove" finished-at="2021-02-01T22:32:10 EET" duration-ms="6581" status="PASS">
          <reporter-output>
          </reporter-output>
        </test-method> <!-- testMove -->
        <test-method signature="testUntitledTestCase(java.lang.String, java.lang.String, java.lang.String)[pri:0, instance:com.academy.test.AutomationPracticeTest@18ce0030]" started-at="2021-02-01T22:32:10 EET" name="testUntitledTestCase" data-provider="authDataProvider" finished-at="2021-02-01T22:32:15 EET" duration-ms="5091" status="PASS">
          <params>
            <param index="0">
              <value>
                <![CDATA[apukhtin.artem@gmail.com]]>
              </value>
            </param>
            <param index="1">
              <value>
                <![CDATA[111111]]>
              </value>
            </param>
            <param index="2">
              <value>
                <![CDATA[Authentication failed.]]>
              </value>
            </param>
          </params>
          <reporter-output>
          </reporter-output>
        </test-method> <!-- testUntitledTestCase -->
        <test-method signature="testUntitledTestCase(java.lang.String, java.lang.String, java.lang.String)[pri:0, instance:com.academy.test.AutomationPracticeTest@18ce0030]" started-at="2021-02-01T22:32:15 EET" name="testUntitledTestCase" data-provider="authDataProvider" finished-at="2021-02-01T22:32:19 EET" duration-ms="4136" status="PASS">
          <params>
            <param index="0">
              <value>
                <![CDATA[apukhtin.artem@gmail.com]]>
              </value>
            </param>
            <param index="1">
              <value>
                <![CDATA[]]>
              </value>
            </param>
            <param index="2">
              <value>
                <![CDATA[Password is required.]]>
              </value>
            </param>
          </params>
          <reporter-output>
          </reporter-output>
        </test-method> <!-- testUntitledTestCase -->
        <test-method signature="testWomenCategory()[pri:0, instance:com.academy.test.AutomationPracticeTest@18ce0030]" started-at="2021-02-01T22:32:19 EET" name="testWomenCategory" finished-at="2021-02-01T22:32:23 EET" duration-ms="4047" status="PASS">
          <reporter-output>
          </reporter-output>
        </test-method> <!-- testWomenCategory -->
        <test-method is-config="true" signature="tearDown()[pri:0, instance:com.academy.test.AutomationPracticeTest@18ce0030]" started-at="2021-02-01T22:32:23 EET" name="tearDown" finished-at="2021-02-01T22:32:24 EET" duration-ms="768" status="PASS">
          <reporter-output>
          </reporter-output>
        </test-method> <!-- tearDown -->
      </class> <!-- com.academy.test.AutomationPracticeTest -->
    </test> <!-- automation practice demo -->
  </suite> <!-- default-suite -->
</testng-results>
