<?xml version="1.0" encoding="UTF-8"?>
<testsuite xmlns:xsi="http://www.w3.org/2001/XMLSchema-instance" xsi:noNamespaceSchemaLocation="https://maven.apache.org/surefire/maven-surefire-plugin/xsd/surefire-test-report-3.0.xsd" version="3.0" name="TestSuite" time="57.963" tests="6" errors="0" skipped="0" failures="0">
  <properties>
[...]
</properties>
  <testcase name="testMove" classname="com.academy.test.AutomationPracticeTest" time="7.67"/>
  <testcase name="testUntitledTestCase" classname="com.academy.test.AutomationPracticeTest" time="8.239"/>
  <testcase name="testUntitledTestCase" classname="com.academy.test.AutomationPracticeTest" time="8.902"/>
  <testcase name="testWomenCategory" classname="com.academy.test.AutomationPracticeTest" time="5.942"/>
  <testcase name="testFeature1" classname="com.academy.test.LoginTest" time="9.377"/>
  <testcase name="testFeature1" classname="com.academy.test.LoginTest" time="5.542"/>
</testsuite>