<?xml version="1.0" encoding="UTF-8"?>
<testng-results ignored="0" total="1" passed="1" failed="0" skipped="0">
  <reporter-output>
  </reporter-output>
  <suite started-at="2021-01-23T11:55:36 EET" name="default-suite" finished-at="2021-01-23T11:55:55 EET" duration-ms="18452">
    <groups>
    </groups>
    <test started-at="2021-01-23T11:55:36 EET" name="automation practice demo" finished-at="2021-01-23T11:55:55 EET" duration-ms="18452">
      <class name="com.academy.test.AutomationPracticeTest">
        <test-method is-config="true" signature="setUp()[pri:0, instance:com.academy.test.AutomationPracticeTest@3d121db3]" started-at="2021-01-23T11:55:36 EET" name="setUp" finished-at="2021-01-23T11:55:43 EET" duration-ms="6966" status="PASS">
          <reporter-output>
          </reporter-output>
        </test-method> <!-- setUp -->
        <test-method signature="testUntitledTestCase()[pri:0, instance:com.academy.test.AutomationPracticeTest@3d121db3]" started-at="2021-01-23T11:55:43 EET" name="testUntitledTestCase" finished-at="2021-01-23T11:55:54 EET" duration-ms="10225" status="PASS">
          <reporter-output>
          </reporter-output>
        </test-method> <!-- testUntitledTestCase -->
        <test-method is-config="true" signature="tearDown()[pri:0, instance:com.academy.test.AutomationPracticeTest@3d121db3]" started-at="2021-01-23T11:55:54 EET" name="tearDown" finished-at="2021-01-23T11:55:55 EET" duration-ms="1210" status="PASS">
          <reporter-output>
          </reporter-output>
        </test-method> <!-- tearDown -->
      </class> <!-- com.academy.test.AutomationPracticeTest -->
    </test> <!-- automation practice demo -->
  </suite> <!-- default-suite -->
</testng-results>
